<?xml version="1.0" encoding="UTF-8"?>
<!-- Generated by org.testng.reporters.JUnitReportReporter -->
<testsuite hostname="omi" failures="0" tests="5" name="com.API_Framework.Gorest" time="3.056" errors="0" timestamp="2025-06-27T19:37:24 IST" skipped="4">
  <testcase classname="com.API_Framework.Gorest" name="Verify_Delete_Users_With_Validdata" time="3.056"/>
  <testcase classname="com.API_Framework.Gorest" name="Verify_GetAll_User_WithValiduri">
    <skipped/>
  </testcase> <!-- Verify_GetAll_User_WithValiduri -->
  <testcase classname="com.API_Framework.Gorest" name="Verify_Update_User_With_Validdata">
    <skipped/>
  </testcase> <!-- Verify_Update_User_With_Validdata -->
  <testcase classname="com.API_Framework.Gorest" name="Verify_GetBySingal_User_WithValidUri">
    <skipped/>
  </testcase> <!-- Verify_GetBySingal_User_WithValidUri -->
  <testcase classname="com.API_Framework.Gorest" name="verify_Gorest_Create_User_With_ValidData">
    <skipped/>
  </testcase> <!-- verify_Gorest_Create_User_With_ValidData -->
</testsuite> <!-- com.API_Framework.Gorest -->
